<?xml version="1.0" encoding="UTF-8"?>
<testng-results skipped="0" failed="0" ignored="0" total="1" passed="1">
  <reporter-output>
  </reporter-output>
  <suite name="Default suite" duration-ms="28535" started-at="2018-08-19T11:56:03Z" finished-at="2018-08-19T11:56:32Z">
    <groups>
    </groups>
    <test name="Default test" duration-ms="28535" started-at="2018-08-19T11:56:03Z" finished-at="2018-08-19T11:56:32Z">
      <class name="testScript.FacebookTest">
        <test-method status="PASS" signature="launchBrowser()[pri:0, instance:testScript.FacebookTest@77caeb3e]" name="launchBrowser" is-config="true" duration-ms="6168" started-at="2018-08-19T11:56:03Z" finished-at="2018-08-19T11:56:09Z">
          <reporter-output>
          </reporter-output>
        </test-method> <!-- launchBrowser -->
        <test-method status="PASS" signature="facebookTest()[pri:0, instance:testScript.FacebookTest@77caeb3e]" name="facebookTest" duration-ms="22318" started-at="2018-08-19T11:56:09Z" finished-at="2018-08-19T11:56:32Z">
          <reporter-output>
          </reporter-output>
        </test-method> <!-- facebookTest -->
        <test-method status="PASS" signature="closeBrowser()[pri:0, instance:testScript.FacebookTest@77caeb3e]" name="closeBrowser" is-config="true" duration-ms="0" started-at="2018-08-19T11:56:32Z" finished-at="2018-08-19T11:56:32Z">
          <reporter-output>
          </reporter-output>
        </test-method> <!-- closeBrowser -->
      </class> <!-- testScript.FacebookTest -->
    </test> <!-- Default test -->
  </suite> <!-- Default suite -->
</testng-results>
